Arguments: 
  C:\Program Files\nodejs\node.exe C:\Users\ASUS\AppData\Roaming\npm\node_modules\yarn\bin\yarn.js add react-full-screen

PATH: 
  C:\Program Files\Java\jdk1.8.0_111\bin;C:\WINDOWS\system32;C:\WINDOWS;C:\WINDOWS\System32\Wbem;C:\WINDOWS\System32\WindowsPowerShell\v1.0\;C:\Program Files (x86)\NVIDIA Corporation\PhysX\Common;C:\Program Files\dotnet\;C:\WINDOWS\System32\OpenSSH\;C:\Users\ASUS\.dnx\bin;C:\Program Files\Microsoft DNX\Dnvm\;C:\Program Files\Microsoft SQL Server\Client SDK\ODBC\110\Tools\Binn\;C:\Pr;C:\Program Files\NVIDIA Corporation\NVIDIA NvDLISR;C:\Program Files\nodejs\;D:\Brackets\command;D:\EDUCATIONAL\New folder\php;C:\Program Files\Git\cmd;C:\Program Files (x86)\Java\jdk1.8.0_25;C:\Users\ASUS\AppData\Local\Microsoft\WindowsApps;C:\Users\ASUS\AppData\Local\Programs\Microsoft VS Code\bin;C:\Users\ASUS\AppData\Roaming\npm;C:\Users\ASUS\AppData\Roaming\Dashlane\4.6.6.23032\bin\Firefox_Extension\{442718d9-475e-452a-b3e1-fb1ee16b8e9f}\components;C:\Users\ASUS\AppData\Local\hyper\app-3.0.2\resources\bin;C:\Users\ASUS\AppData\Local\GitHubDesktop\bin

Yarn version: 
  1.17.3

Node version: 
  10.15.3

Platform: 
  win32 x64

Trace: 
  Error: https://registry.yarnpkg.com/core-js/-/core-js-2.6.11.tgz: ESOCKETTIMEDOUT
      at ClientRequest.<anonymous> (C:\Users\ASUS\AppData\Roaming\npm\node_modules\yarn\lib\cli.js:141091:19)
      at Object.onceWrapper (events.js:277:13)
      at ClientRequest.emit (events.js:189:13)
      at TLSSocket.emitRequestTimeout (_http_client.js:662:40)
      at Object.onceWrapper (events.js:277:13)
      at TLSSocket.emit (events.js:189:13)
      at TLSSocket.Socket._onTimeout (net.js:440:8)
      at ontimeout (timers.js:436:11)
      at tryOnTimeout (timers.js:300:5)
      at listOnTimeout (timers.js:263:5)

npm manifest: 
  {
    "name": "procurement",
    "version": "1.0.0",
    "description": "gatepass project",
    "main": "app.js",
    "scripts": {
      "webpack": "webpack",
      "test": "echo \"Error: no test specified\" && exit 1"
    },
    "author": "",
    "license": "ISC",
    "dependencies": {
      "@babel/polyfill": "^7.4.4",
      "@babel/runtime": "^7.5.5",
      "@material-ui/core": "^4.6.1",
      "animate.css": "^3.7.2",
      "antd": "^3.23.2",
      "axios": "^0.18.0",
      "babel-preset-stage-2": "^6.24.1",
      "bootstrap": "^4.3.1",
      "chart.js": "^2.9.3",
      "chartjs": "^0.3.24",
      "check-node-version": "^4.0.1",
      "datatables.net": "^1.10.19",
      "datatables.net-bs4": "^1.10.19",
      "firebase-admin": "^5.12.1",
      "firebase-functions": "^3.3.0",
      "html2canvas": "^1.0.0-rc.3",
      "jquery": "^3.4.1",
      "lottie-web": "^5.5.6",
      "mdbootstrap": "^4.9.0",
      "popper.js": "^1.16.0",
      "pretty-checkbox": "^3.0.3",
      "pug": "^2.0.4",
      "react": "^16.0.0",
      "react-alert": "^4.0.4",
      "react-alert-template-basic": "^1.0.0",
      "react-autocomplete": "^1.8.1",
      "react-bootstrap-tabs": "^1.0.2",
      "react-chartjs-2": "^2.8.0",
      "react-datepicker": "^2.3.0",
      "react-dnd": "^9.4.0",
      "react-dom": "^16.0.0",
      "react-dropzone": "^10.1.0",
      "react-full-screen": "^0.2.4",
      "react-loading-bar": "0.0.7",
      "react-lottie": "^1.2.3",
      "react-modal": "^3.8.1",
      "react-modal-bootstrap": "^1.1.1",
      "react-redux": "^7.0.3",
      "react-router": "^4.3.1",
      "react-router-dom": "^4.3.1",
      "react-svg": "^7.2.7",
      "react-tabs": "^3.0.0",
      "react-tag-input": "^6.4.1",
      "react-tooltip": "^3.10.0",
      "react-transition-group": "2.5.0",
      "reactstrap": "^6.5.0",
      "redux": "^4.0.4",
      "redux-thunk": "^2.3.0",
      "thunk": "0.0.1"
    },
    "devDependencies": {
      "@babel/core": "^7.6.0",
      "@babel/runtime": "7.4.5",
      "babel-core": "^6.26.3",
      "babel-loader": "7.1.5",
      "babel-plugin-transform-class-properties": "^6.24.1",
      "babel-plugin-transform-react-pug": "^7.0.1",
      "babel-preset-env": "1.6.1",
      "babel-preset-es2015": "^6.3.13",
      "babel-preset-react": "^6.24.1",
      "css-loader": "^1.0.1",
      "mini-css-extract-plugin": "^0.8.0",
      "node-sass": "^4.13.0",
      "sass-loader": "^8.0.0",
      "style-loader": "^0.23.1",
      "webpack": "^4.41.0",
      "webpack-cli": "^3.1.2"
    }
  }

yarn manifest: 
  No manifest

Lockfile: 
  No lockfile
